2020-04-18 09:15:41  [ http-nio-8080-exec-9:0 ] - [ INFO ]  MLog clients using log4j logging.
2020-04-18 09:15:42  [ http-nio-8080-exec-9:379 ] - [ INFO ]  Initializing c3p0-0.9.2-pre5 [built 29-September-2012 19:59:04 +0000; debug? true; trace: 10]
2020-04-18 09:15:42  [ http-nio-8080-exec-9:496 ] - [ DEBUG ]  MBean: com.mchange.v2.c3p0:type=PooledDataSource[1hgf8qpa912izmgndo1vwz|5b911969] registered.
2020-04-18 09:15:42  [ http-nio-8080-exec-9:747 ] - [ INFO ]  Initializing c3p0 pool... com.mchange.v2.c3p0.ComboPooledDataSource [ acquireIncrement -> 3, acquireRetryAttempts -> 30, acquireRetryDelay -> 1000, autoCommitOnClose -> false, automaticTestTable -> null, breakAfterAcquireFailure -> false, checkoutTimeout -> 0, connectionCustomizerClassName -> null, connectionTesterClassName -> com.mchange.v2.c3p0.impl.DefaultConnectionTester, dataSourceName -> 1hgf8qpa912izmgndo1vwz|5b911969, debugUnreturnedConnectionStackTraces -> false, description -> null, driverClass -> com.mysql.cj.jdbc.Driver, factoryClassLocation -> null, forceIgnoreUnresolvedTransactions -> false, identityToken -> 1hgf8qpa912izmgndo1vwz|5b911969, idleConnectionTestPeriod -> 0, initialPoolSize -> 3, jdbcUrl -> jdbc:mysql://localhost:3306/syjf_system?useUnicode=true;characterEncoding=UTF8, maxAdministrativeTaskTime -> 0, maxConnectionAge -> 0, maxIdleTime -> 0, maxIdleTimeExcessConnections -> 0, maxPoolSize -> 20, maxStatements -> 0, maxStatementsPerConnection -> 0, minPoolSize -> 3, numHelperThreads -> 3, preferredTestQuery -> null, properties -> {user=******, password=******}, propertyCycle -> 0, statementCacheNumDeferredCloseThreads -> 0, testConnectionOnCheckin -> false, testConnectionOnCheckout -> false, unreturnedConnectionTimeout -> 0, userOverrides -> {}, usesTraditionalReflectiveProxies -> false ]
2020-04-18 09:15:42  [ http-nio-8080-exec-9:850 ] - [ DEBUG ]  incremented pending_acquires: 1
2020-04-18 09:15:42  [ http-nio-8080-exec-9:850 ] - [ DEBUG ]  Starting acquisition series. Incremented pending_acquires [1],  attempts_remaining: 30
2020-04-18 09:15:42  [ http-nio-8080-exec-9:850 ] - [ DEBUG ]  com.mchange.v2.async.ThreadPoolAsynchronousRunner@54404aa: Adding task to queue -- com.mchange.v2.resourcepool.BasicResourcePool$ScatteredAcquireTask@55d4ce26
2020-04-18 09:15:42  [ http-nio-8080-exec-9:851 ] - [ DEBUG ]  incremented pending_acquires: 2
2020-04-18 09:15:42  [ http-nio-8080-exec-9:851 ] - [ DEBUG ]  Starting acquisition series. Incremented pending_acquires [2],  attempts_remaining: 30
2020-04-18 09:15:42  [ http-nio-8080-exec-9:851 ] - [ DEBUG ]  com.mchange.v2.async.ThreadPoolAsynchronousRunner@54404aa: Adding task to queue -- com.mchange.v2.resourcepool.BasicResourcePool$ScatteredAcquireTask@6386037
2020-04-18 09:15:42  [ http-nio-8080-exec-9:851 ] - [ DEBUG ]  incremented pending_acquires: 3
2020-04-18 09:15:42  [ http-nio-8080-exec-9:852 ] - [ DEBUG ]  Starting acquisition series. Incremented pending_acquires [3],  attempts_remaining: 30
2020-04-18 09:15:42  [ http-nio-8080-exec-9:852 ] - [ DEBUG ]  com.mchange.v2.async.ThreadPoolAsynchronousRunner@54404aa: Adding task to queue -- com.mchange.v2.resourcepool.BasicResourcePool$ScatteredAcquireTask@40dc50f5
2020-04-18 09:15:42  [ http-nio-8080-exec-9:852 ] - [ DEBUG ]  com.mchange.v2.resourcepool.BasicResourcePool@65987d10 config: [start -> 3; min -> 3; max -> 20; inc -> 3; num_acq_attempts -> 30; acq_attempt_delay -> 1000; check_idle_resources_delay -> 0; mox_resource_age -> 0; max_idle_time -> 0; excess_max_idle_time -> 0; destroy_unreturned_resc_time -> 0; expiration_enforcement_delay -> 0; break_on_acquisition_failure -> false; debug_store_checkout_exceptions -> false]
2020-04-18 09:15:42  [ http-nio-8080-exec-9:853 ] - [ DEBUG ]  acquire test -- pool size: 0; target_pool_size: 3; desired target? 1
2020-04-18 09:15:42  [ http-nio-8080-exec-9:853 ] - [ DEBUG ]  awaitAvailable(): [unknown]
2020-04-18 09:15:42  [ http-nio-8080-exec-9:856 ] - [ DEBUG ]  trace com.mchange.v2.resourcepool.BasicResourcePool@65987d10 [managed: 0, unused: 0, excluded: 0]
2020-04-18 09:15:43  [ C3P0PooledConnectionPoolManager-Helper Thread-#2:1627 ] - [ DEBUG ]  com.mchange.v2.c3p0.impl.C3P0PooledConnectionPool$1PooledConnectionResourcePoolManager@2dd848b3.acquireResource() returning. 
2020-04-18 09:15:43  [ C3P0PooledConnectionPoolManager-Helper Thread-#0:1627 ] - [ DEBUG ]  com.mchange.v2.c3p0.impl.C3P0PooledConnectionPool$1PooledConnectionResourcePoolManager@2dd848b3.acquireResource() returning. 
2020-04-18 09:15:43  [ C3P0PooledConnectionPoolManager-Helper Thread-#1:1627 ] - [ DEBUG ]  com.mchange.v2.c3p0.impl.C3P0PooledConnectionPool$1PooledConnectionResourcePoolManager@2dd848b3.acquireResource() returning. 
2020-04-18 09:15:43  [ C3P0PooledConnectionPoolManager-Helper Thread-#2:1633 ] - [ DEBUG ]  trace com.mchange.v2.resourcepool.BasicResourcePool@65987d10 [managed: 1, unused: 1, excluded: 0]
2020-04-18 09:15:43  [ C3P0PooledConnectionPoolManager-Helper Thread-#2:1633 ] - [ DEBUG ]  decremented pending_acquires: 2
2020-04-18 09:15:43  [ C3P0PooledConnectionPoolManager-Helper Thread-#2:1633 ] - [ DEBUG ]  Acquisition series terminated successfully. Decremented pending_acquires [2],  attempts_remaining: 30
2020-04-18 09:15:43  [ http-nio-8080-exec-9:1633 ] - [ DEBUG ]  trace com.mchange.v2.resourcepool.BasicResourcePool@65987d10 [managed: 1, unused: 0, excluded: 0] (e.g. com.mchange.v2.c3p0.impl.NewPooledConnection@3af148e8)
2020-04-18 09:15:43  [ C3P0PooledConnectionPoolManager-Helper Thread-#1:1634 ] - [ DEBUG ]  trace com.mchange.v2.resourcepool.BasicResourcePool@65987d10 [managed: 2, unused: 1, excluded: 0] (e.g. com.mchange.v2.c3p0.impl.NewPooledConnection@3af148e8)
2020-04-18 09:15:43  [ C3P0PooledConnectionPoolManager-Helper Thread-#1:1634 ] - [ DEBUG ]  decremented pending_acquires: 1
2020-04-18 09:15:43  [ C3P0PooledConnectionPoolManager-Helper Thread-#1:1634 ] - [ DEBUG ]  Acquisition series terminated successfully. Decremented pending_acquires [1],  attempts_remaining: 30
2020-04-18 09:15:43  [ C3P0PooledConnectionPoolManager-Helper Thread-#0:1634 ] - [ DEBUG ]  trace com.mchange.v2.resourcepool.BasicResourcePool@65987d10 [managed: 3, unused: 2, excluded: 0] (e.g. com.mchange.v2.c3p0.impl.NewPooledConnection@3af148e8)
2020-04-18 09:15:43  [ C3P0PooledConnectionPoolManager-Helper Thread-#0:1634 ] - [ DEBUG ]  decremented pending_acquires: 0
2020-04-18 09:15:43  [ C3P0PooledConnectionPoolManager-Helper Thread-#0:1634 ] - [ DEBUG ]  Acquisition series terminated successfully. Decremented pending_acquires [0],  attempts_remaining: 30
2020-04-18 09:15:43  [ http-nio-8080-exec-9:1705 ] - [ DEBUG ]  com.mchange.v2.async.ThreadPoolAsynchronousRunner@54404aa: Adding task to queue -- com.mchange.v2.resourcepool.BasicResourcePool$1RefurbishCheckinResourceTask@6599d4d8
2020-04-18 09:15:43  [ http-nio-8080-exec-9:1705 ] - [ DEBUG ]  trace com.mchange.v2.resourcepool.BasicResourcePool@65987d10 [managed: 3, unused: 2, excluded: 0] (e.g. com.mchange.v2.c3p0.impl.NewPooledConnection@3af148e8)
2020-04-18 09:15:47  [ http-nio-8080-exec-10:5957 ] - [ DEBUG ]  trace com.mchange.v2.resourcepool.BasicResourcePool@65987d10 [managed: 3, unused: 2, excluded: 0] (e.g. com.mchange.v2.c3p0.impl.NewPooledConnection@3af148e8)
2020-04-18 09:15:47  [ http-nio-8080-exec-10:5963 ] - [ DEBUG ]  com.mchange.v2.async.ThreadPoolAsynchronousRunner@54404aa: Adding task to queue -- com.mchange.v2.resourcepool.BasicResourcePool$1RefurbishCheckinResourceTask@3473c087
2020-04-18 09:15:47  [ http-nio-8080-exec-10:5963 ] - [ DEBUG ]  trace com.mchange.v2.resourcepool.BasicResourcePool@65987d10 [managed: 3, unused: 2, excluded: 0] (e.g. com.mchange.v2.c3p0.impl.NewPooledConnection@3af148e8)
2020-04-18 10:05:17  [ http-nio-8080-exec-2:0 ] - [ INFO ]  MLog clients using log4j logging.
2020-04-18 10:05:17  [ http-nio-8080-exec-2:383 ] - [ INFO ]  Initializing c3p0-0.9.2-pre5 [built 29-September-2012 19:59:04 +0000; debug? true; trace: 10]
2020-04-18 10:05:17  [ http-nio-8080-exec-2:503 ] - [ DEBUG ]  MBean: com.mchange.v2.c3p0:type=PooledDataSource[1hgf8qpa912krecwnp77zm|13efbd6d] registered.
2020-04-18 10:05:18  [ http-nio-8080-exec-2:763 ] - [ INFO ]  Initializing c3p0 pool... com.mchange.v2.c3p0.ComboPooledDataSource [ acquireIncrement -> 3, acquireRetryAttempts -> 30, acquireRetryDelay -> 1000, autoCommitOnClose -> false, automaticTestTable -> null, breakAfterAcquireFailure -> false, checkoutTimeout -> 0, connectionCustomizerClassName -> null, connectionTesterClassName -> com.mchange.v2.c3p0.impl.DefaultConnectionTester, dataSourceName -> 1hgf8qpa912krecwnp77zm|13efbd6d, debugUnreturnedConnectionStackTraces -> false, description -> null, driverClass -> com.mysql.cj.jdbc.Driver, factoryClassLocation -> null, forceIgnoreUnresolvedTransactions -> false, identityToken -> 1hgf8qpa912krecwnp77zm|13efbd6d, idleConnectionTestPeriod -> 0, initialPoolSize -> 3, jdbcUrl -> jdbc:mysql://localhost:3306/syjf_system?useUnicode=true;characterEncoding=UTF8, maxAdministrativeTaskTime -> 0, maxConnectionAge -> 0, maxIdleTime -> 0, maxIdleTimeExcessConnections -> 0, maxPoolSize -> 20, maxStatements -> 0, maxStatementsPerConnection -> 0, minPoolSize -> 3, numHelperThreads -> 3, preferredTestQuery -> null, properties -> {user=******, password=******}, propertyCycle -> 0, statementCacheNumDeferredCloseThreads -> 0, testConnectionOnCheckin -> false, testConnectionOnCheckout -> false, unreturnedConnectionTimeout -> 0, userOverrides -> {}, usesTraditionalReflectiveProxies -> false ]
2020-04-18 10:05:18  [ http-nio-8080-exec-2:874 ] - [ DEBUG ]  incremented pending_acquires: 1
2020-04-18 10:05:18  [ http-nio-8080-exec-2:874 ] - [ DEBUG ]  Starting acquisition series. Incremented pending_acquires [1],  attempts_remaining: 30
2020-04-18 10:05:18  [ http-nio-8080-exec-2:874 ] - [ DEBUG ]  com.mchange.v2.async.ThreadPoolAsynchronousRunner@56ea5b7: Adding task to queue -- com.mchange.v2.resourcepool.BasicResourcePool$ScatteredAcquireTask@6964cf67
2020-04-18 10:05:18  [ http-nio-8080-exec-2:874 ] - [ DEBUG ]  incremented pending_acquires: 2
2020-04-18 10:05:18  [ http-nio-8080-exec-2:875 ] - [ DEBUG ]  Starting acquisition series. Incremented pending_acquires [2],  attempts_remaining: 30
2020-04-18 10:05:18  [ http-nio-8080-exec-2:875 ] - [ DEBUG ]  com.mchange.v2.async.ThreadPoolAsynchronousRunner@56ea5b7: Adding task to queue -- com.mchange.v2.resourcepool.BasicResourcePool$ScatteredAcquireTask@5d3bc417
2020-04-18 10:05:18  [ http-nio-8080-exec-2:875 ] - [ DEBUG ]  incremented pending_acquires: 3
2020-04-18 10:05:18  [ http-nio-8080-exec-2:875 ] - [ DEBUG ]  Starting acquisition series. Incremented pending_acquires [3],  attempts_remaining: 30
2020-04-18 10:05:18  [ http-nio-8080-exec-2:876 ] - [ DEBUG ]  com.mchange.v2.async.ThreadPoolAsynchronousRunner@56ea5b7: Adding task to queue -- com.mchange.v2.resourcepool.BasicResourcePool$ScatteredAcquireTask@3a5bf24b
2020-04-18 10:05:18  [ http-nio-8080-exec-2:876 ] - [ DEBUG ]  com.mchange.v2.resourcepool.BasicResourcePool@4ae8abaa config: [start -> 3; min -> 3; max -> 20; inc -> 3; num_acq_attempts -> 30; acq_attempt_delay -> 1000; check_idle_resources_delay -> 0; mox_resource_age -> 0; max_idle_time -> 0; excess_max_idle_time -> 0; destroy_unreturned_resc_time -> 0; expiration_enforcement_delay -> 0; break_on_acquisition_failure -> false; debug_store_checkout_exceptions -> false]
2020-04-18 10:05:18  [ http-nio-8080-exec-2:877 ] - [ DEBUG ]  acquire test -- pool size: 0; target_pool_size: 3; desired target? 1
2020-04-18 10:05:18  [ http-nio-8080-exec-2:878 ] - [ DEBUG ]  awaitAvailable(): [unknown]
2020-04-18 10:05:18  [ http-nio-8080-exec-2:879 ] - [ DEBUG ]  trace com.mchange.v2.resourcepool.BasicResourcePool@4ae8abaa [managed: 0, unused: 0, excluded: 0]
2020-04-18 10:05:18  [ C3P0PooledConnectionPoolManager-Helper Thread-#0:1713 ] - [ DEBUG ]  com.mchange.v2.c3p0.impl.C3P0PooledConnectionPool$1PooledConnectionResourcePoolManager@114918d2.acquireResource() returning. 
2020-04-18 10:05:18  [ C3P0PooledConnectionPoolManager-Helper Thread-#2:1713 ] - [ DEBUG ]  com.mchange.v2.c3p0.impl.C3P0PooledConnectionPool$1PooledConnectionResourcePoolManager@114918d2.acquireResource() returning. 
2020-04-18 10:05:18  [ C3P0PooledConnectionPoolManager-Helper Thread-#1:1713 ] - [ DEBUG ]  com.mchange.v2.c3p0.impl.C3P0PooledConnectionPool$1PooledConnectionResourcePoolManager@114918d2.acquireResource() returning. 
2020-04-18 10:05:18  [ C3P0PooledConnectionPoolManager-Helper Thread-#0:1719 ] - [ DEBUG ]  trace com.mchange.v2.resourcepool.BasicResourcePool@4ae8abaa [managed: 1, unused: 1, excluded: 0]
2020-04-18 10:05:18  [ C3P0PooledConnectionPoolManager-Helper Thread-#0:1720 ] - [ DEBUG ]  decremented pending_acquires: 2
2020-04-18 10:05:18  [ C3P0PooledConnectionPoolManager-Helper Thread-#0:1720 ] - [ DEBUG ]  Acquisition series terminated successfully. Decremented pending_acquires [2],  attempts_remaining: 30
2020-04-18 10:05:18  [ http-nio-8080-exec-2:1720 ] - [ DEBUG ]  trace com.mchange.v2.resourcepool.BasicResourcePool@4ae8abaa [managed: 1, unused: 0, excluded: 0] (e.g. com.mchange.v2.c3p0.impl.NewPooledConnection@19954bbe)
2020-04-18 10:05:18  [ C3P0PooledConnectionPoolManager-Helper Thread-#1:1721 ] - [ DEBUG ]  trace com.mchange.v2.resourcepool.BasicResourcePool@4ae8abaa [managed: 2, unused: 1, excluded: 0] (e.g. com.mchange.v2.c3p0.impl.NewPooledConnection@19954bbe)
2020-04-18 10:05:18  [ C3P0PooledConnectionPoolManager-Helper Thread-#1:1721 ] - [ DEBUG ]  decremented pending_acquires: 1
2020-04-18 10:05:18  [ C3P0PooledConnectionPoolManager-Helper Thread-#1:1721 ] - [ DEBUG ]  Acquisition series terminated successfully. Decremented pending_acquires [1],  attempts_remaining: 30
2020-04-18 10:05:18  [ C3P0PooledConnectionPoolManager-Helper Thread-#2:1721 ] - [ DEBUG ]  trace com.mchange.v2.resourcepool.BasicResourcePool@4ae8abaa [managed: 3, unused: 2, excluded: 0] (e.g. com.mchange.v2.c3p0.impl.NewPooledConnection@19954bbe)
2020-04-18 10:05:18  [ C3P0PooledConnectionPoolManager-Helper Thread-#2:1721 ] - [ DEBUG ]  decremented pending_acquires: 0
2020-04-18 10:05:18  [ C3P0PooledConnectionPoolManager-Helper Thread-#2:1722 ] - [ DEBUG ]  Acquisition series terminated successfully. Decremented pending_acquires [0],  attempts_remaining: 30
2020-04-18 10:05:19  [ http-nio-8080-exec-2:1793 ] - [ DEBUG ]  com.mchange.v2.async.ThreadPoolAsynchronousRunner@56ea5b7: Adding task to queue -- com.mchange.v2.resourcepool.BasicResourcePool$1RefurbishCheckinResourceTask@12359db1
2020-04-18 10:05:19  [ http-nio-8080-exec-2:1793 ] - [ DEBUG ]  trace com.mchange.v2.resourcepool.BasicResourcePool@4ae8abaa [managed: 3, unused: 2, excluded: 0] (e.g. com.mchange.v2.c3p0.impl.NewPooledConnection@19954bbe)
2020-04-18 10:08:53  [ http-nio-8080-exec-5:215937 ] - [ DEBUG ]  trace com.mchange.v2.resourcepool.BasicResourcePool@4ae8abaa [managed: 3, unused: 2, excluded: 0] (e.g. com.mchange.v2.c3p0.impl.NewPooledConnection@19954bbe)
2020-04-18 10:08:53  [ http-nio-8080-exec-5:215954 ] - [ DEBUG ]  com.mchange.v2.async.ThreadPoolAsynchronousRunner@56ea5b7: Adding task to queue -- com.mchange.v2.resourcepool.BasicResourcePool$1RefurbishCheckinResourceTask@4eb4acd9
2020-04-18 10:08:53  [ http-nio-8080-exec-5:215955 ] - [ DEBUG ]  trace com.mchange.v2.resourcepool.BasicResourcePool@4ae8abaa [managed: 3, unused: 2, excluded: 0] (e.g. com.mchange.v2.c3p0.impl.NewPooledConnection@19954bbe)
2020-04-18 10:08:53  [ http-nio-8080-exec-5:215972 ] - [ DEBUG ]  trace com.mchange.v2.resourcepool.BasicResourcePool@4ae8abaa [managed: 3, unused: 2, excluded: 0] (e.g. com.mchange.v2.c3p0.impl.NewPooledConnection@19954bbe)
2020-04-18 10:08:53  [ http-nio-8080-exec-5:215981 ] - [ DEBUG ]  com.mchange.v2.async.ThreadPoolAsynchronousRunner@56ea5b7: Adding task to queue -- com.mchange.v2.resourcepool.BasicResourcePool$1RefurbishCheckinResourceTask@63cbdf2f
2020-04-18 10:08:53  [ http-nio-8080-exec-5:215981 ] - [ DEBUG ]  trace com.mchange.v2.resourcepool.BasicResourcePool@4ae8abaa [managed: 3, unused: 2, excluded: 0] (e.g. com.mchange.v2.c3p0.impl.NewPooledConnection@19954bbe)
2020-04-18 10:09:37  [ http-nio-8080-exec-8:259906 ] - [ DEBUG ]  trace com.mchange.v2.resourcepool.BasicResourcePool@4ae8abaa [managed: 3, unused: 2, excluded: 0] (e.g. com.mchange.v2.c3p0.impl.NewPooledConnection@19954bbe)
2020-04-18 10:09:37  [ http-nio-8080-exec-8:259909 ] - [ DEBUG ]  com.mchange.v2.async.ThreadPoolAsynchronousRunner@56ea5b7: Adding task to queue -- com.mchange.v2.resourcepool.BasicResourcePool$1RefurbishCheckinResourceTask@6b2fddbc
2020-04-18 10:09:37  [ http-nio-8080-exec-8:259909 ] - [ DEBUG ]  trace com.mchange.v2.resourcepool.BasicResourcePool@4ae8abaa [managed: 3, unused: 2, excluded: 0] (e.g. com.mchange.v2.c3p0.impl.NewPooledConnection@19954bbe)
2020-04-18 10:09:37  [ http-nio-8080-exec-8:259909 ] - [ DEBUG ]  trace com.mchange.v2.resourcepool.BasicResourcePool@4ae8abaa [managed: 3, unused: 2, excluded: 0] (e.g. com.mchange.v2.c3p0.impl.NewPooledConnection@19954bbe)
2020-04-18 10:09:37  [ http-nio-8080-exec-8:259912 ] - [ DEBUG ]  com.mchange.v2.async.ThreadPoolAsynchronousRunner@56ea5b7: Adding task to queue -- com.mchange.v2.resourcepool.BasicResourcePool$1RefurbishCheckinResourceTask@2d98bd8b
2020-04-18 10:09:37  [ http-nio-8080-exec-8:259913 ] - [ DEBUG ]  trace com.mchange.v2.resourcepool.BasicResourcePool@4ae8abaa [managed: 3, unused: 2, excluded: 0] (e.g. com.mchange.v2.c3p0.impl.NewPooledConnection@19954bbe)
2020-04-18 10:09:44  [ http-nio-8080-exec-6:266964 ] - [ DEBUG ]  trace com.mchange.v2.resourcepool.BasicResourcePool@4ae8abaa [managed: 3, unused: 2, excluded: 0] (e.g. com.mchange.v2.c3p0.impl.NewPooledConnection@19954bbe)
2020-04-18 10:09:44  [ http-nio-8080-exec-6:266966 ] - [ DEBUG ]  com.mchange.v2.async.ThreadPoolAsynchronousRunner@56ea5b7: Adding task to queue -- com.mchange.v2.resourcepool.BasicResourcePool$1RefurbishCheckinResourceTask@3b0a4de6
2020-04-18 10:09:44  [ http-nio-8080-exec-6:266966 ] - [ DEBUG ]  trace com.mchange.v2.resourcepool.BasicResourcePool@4ae8abaa [managed: 3, unused: 2, excluded: 0] (e.g. com.mchange.v2.c3p0.impl.NewPooledConnection@19954bbe)
2020-04-18 10:09:44  [ http-nio-8080-exec-6:266967 ] - [ DEBUG ]  trace com.mchange.v2.resourcepool.BasicResourcePool@4ae8abaa [managed: 3, unused: 2, excluded: 0] (e.g. com.mchange.v2.c3p0.impl.NewPooledConnection@19954bbe)
2020-04-18 10:09:44  [ http-nio-8080-exec-6:266968 ] - [ DEBUG ]  com.mchange.v2.async.ThreadPoolAsynchronousRunner@56ea5b7: Adding task to queue -- com.mchange.v2.resourcepool.BasicResourcePool$1RefurbishCheckinResourceTask@630b1a81
2020-04-18 10:09:44  [ http-nio-8080-exec-6:266969 ] - [ DEBUG ]  trace com.mchange.v2.resourcepool.BasicResourcePool@4ae8abaa [managed: 3, unused: 2, excluded: 0] (e.g. com.mchange.v2.c3p0.impl.NewPooledConnection@19954bbe)
2020-04-18 10:18:41  [ http-nio-8080-exec-6:803851 ] - [ DEBUG ]  trace com.mchange.v2.resourcepool.BasicResourcePool@4ae8abaa [managed: 3, unused: 2, excluded: 0] (e.g. com.mchange.v2.c3p0.impl.NewPooledConnection@19954bbe)
2020-04-18 10:18:41  [ http-nio-8080-exec-6:803853 ] - [ DEBUG ]  com.mchange.v2.async.ThreadPoolAsynchronousRunner@56ea5b7: Adding task to queue -- com.mchange.v2.resourcepool.BasicResourcePool$1RefurbishCheckinResourceTask@43bb68aa
2020-04-18 10:18:41  [ http-nio-8080-exec-6:803853 ] - [ DEBUG ]  trace com.mchange.v2.resourcepool.BasicResourcePool@4ae8abaa [managed: 3, unused: 2, excluded: 0] (e.g. com.mchange.v2.c3p0.impl.NewPooledConnection@19954bbe)
2020-04-18 10:18:41  [ http-nio-8080-exec-6:803853 ] - [ DEBUG ]  trace com.mchange.v2.resourcepool.BasicResourcePool@4ae8abaa [managed: 3, unused: 2, excluded: 0] (e.g. com.mchange.v2.c3p0.impl.NewPooledConnection@19954bbe)
2020-04-18 10:18:41  [ http-nio-8080-exec-6:803858 ] - [ DEBUG ]  com.mchange.v2.async.ThreadPoolAsynchronousRunner@56ea5b7: Adding task to queue -- com.mchange.v2.resourcepool.BasicResourcePool$1RefurbishCheckinResourceTask@6cf080cd
2020-04-18 10:18:41  [ http-nio-8080-exec-6:803858 ] - [ DEBUG ]  trace com.mchange.v2.resourcepool.BasicResourcePool@4ae8abaa [managed: 3, unused: 2, excluded: 0] (e.g. com.mchange.v2.c3p0.impl.NewPooledConnection@19954bbe)
2020-04-18 10:18:47  [ http-nio-8080-exec-2:810275 ] - [ DEBUG ]  trace com.mchange.v2.resourcepool.BasicResourcePool@4ae8abaa [managed: 3, unused: 2, excluded: 0] (e.g. com.mchange.v2.c3p0.impl.NewPooledConnection@19954bbe)
2020-04-18 10:18:47  [ http-nio-8080-exec-2:810300 ] - [ DEBUG ]  com.mchange.v2.async.ThreadPoolAsynchronousRunner@56ea5b7: Adding task to queue -- com.mchange.v2.resourcepool.BasicResourcePool$1RefurbishCheckinResourceTask@4dfe3342
2020-04-18 10:18:47  [ http-nio-8080-exec-2:810300 ] - [ DEBUG ]  trace com.mchange.v2.resourcepool.BasicResourcePool@4ae8abaa [managed: 3, unused: 2, excluded: 0] (e.g. com.mchange.v2.c3p0.impl.NewPooledConnection@19954bbe)
2020-04-18 10:46:15  [ http-nio-8080-exec-6:2458560 ] - [ DEBUG ]  trace com.mchange.v2.resourcepool.BasicResourcePool@4ae8abaa [managed: 3, unused: 2, excluded: 0] (e.g. com.mchange.v2.c3p0.impl.NewPooledConnection@19954bbe)
2020-04-18 10:46:15  [ http-nio-8080-exec-6:2458567 ] - [ DEBUG ]  com.mchange.v2.async.ThreadPoolAsynchronousRunner@56ea5b7: Adding task to queue -- com.mchange.v2.resourcepool.BasicResourcePool$1RefurbishCheckinResourceTask@53522c65
2020-04-18 10:46:15  [ http-nio-8080-exec-6:2458568 ] - [ DEBUG ]  trace com.mchange.v2.resourcepool.BasicResourcePool@4ae8abaa [managed: 3, unused: 2, excluded: 0] (e.g. com.mchange.v2.c3p0.impl.NewPooledConnection@19954bbe)
2020-04-18 10:46:15  [ http-nio-8080-exec-6:2458575 ] - [ DEBUG ]  trace com.mchange.v2.resourcepool.BasicResourcePool@4ae8abaa [managed: 3, unused: 2, excluded: 0] (e.g. com.mchange.v2.c3p0.impl.NewPooledConnection@19954bbe)
2020-04-18 10:46:15  [ http-nio-8080-exec-6:2458586 ] - [ DEBUG ]  com.mchange.v2.async.ThreadPoolAsynchronousRunner@56ea5b7: Adding task to queue -- com.mchange.v2.resourcepool.BasicResourcePool$1RefurbishCheckinResourceTask@6effa02c
2020-04-18 10:46:15  [ http-nio-8080-exec-6:2458586 ] - [ DEBUG ]  trace com.mchange.v2.resourcepool.BasicResourcePool@4ae8abaa [managed: 3, unused: 2, excluded: 0] (e.g. com.mchange.v2.c3p0.impl.NewPooledConnection@19954bbe)
2020-04-18 10:50:49  [ http-nio-8080-exec-1:2732512 ] - [ DEBUG ]  trace com.mchange.v2.resourcepool.BasicResourcePool@4ae8abaa [managed: 3, unused: 2, excluded: 0] (e.g. com.mchange.v2.c3p0.impl.NewPooledConnection@19954bbe)
2020-04-18 10:50:49  [ http-nio-8080-exec-1:2732514 ] - [ DEBUG ]  com.mchange.v2.async.ThreadPoolAsynchronousRunner@56ea5b7: Adding task to queue -- com.mchange.v2.resourcepool.BasicResourcePool$1RefurbishCheckinResourceTask@2718df48
2020-04-18 10:50:49  [ http-nio-8080-exec-1:2732515 ] - [ DEBUG ]  trace com.mchange.v2.resourcepool.BasicResourcePool@4ae8abaa [managed: 3, unused: 2, excluded: 0] (e.g. com.mchange.v2.c3p0.impl.NewPooledConnection@19954bbe)
2020-04-18 10:50:49  [ http-nio-8080-exec-1:2732515 ] - [ DEBUG ]  trace com.mchange.v2.resourcepool.BasicResourcePool@4ae8abaa [managed: 3, unused: 2, excluded: 0] (e.g. com.mchange.v2.c3p0.impl.NewPooledConnection@19954bbe)
2020-04-18 10:50:49  [ http-nio-8080-exec-1:2732519 ] - [ DEBUG ]  com.mchange.v2.async.ThreadPoolAsynchronousRunner@56ea5b7: Adding task to queue -- com.mchange.v2.resourcepool.BasicResourcePool$1RefurbishCheckinResourceTask@2566445c
2020-04-18 10:50:49  [ http-nio-8080-exec-1:2732520 ] - [ DEBUG ]  trace com.mchange.v2.resourcepool.BasicResourcePool@4ae8abaa [managed: 3, unused: 2, excluded: 0] (e.g. com.mchange.v2.c3p0.impl.NewPooledConnection@19954bbe)
2020-04-18 10:50:52  [ http-nio-8080-exec-4:2735696 ] - [ DEBUG ]  trace com.mchange.v2.resourcepool.BasicResourcePool@4ae8abaa [managed: 3, unused: 2, excluded: 0] (e.g. com.mchange.v2.c3p0.impl.NewPooledConnection@19954bbe)
2020-04-18 10:50:52  [ http-nio-8080-exec-4:2735698 ] - [ DEBUG ]  com.mchange.v2.async.ThreadPoolAsynchronousRunner@56ea5b7: Adding task to queue -- com.mchange.v2.resourcepool.BasicResourcePool$1RefurbishCheckinResourceTask@6c95a388
2020-04-18 10:50:52  [ http-nio-8080-exec-4:2735699 ] - [ DEBUG ]  trace com.mchange.v2.resourcepool.BasicResourcePool@4ae8abaa [managed: 3, unused: 2, excluded: 0] (e.g. com.mchange.v2.c3p0.impl.NewPooledConnection@19954bbe)
2020-04-18 10:53:08  [ http-nio-8080-exec-7:2871721 ] - [ DEBUG ]  trace com.mchange.v2.resourcepool.BasicResourcePool@4ae8abaa [managed: 3, unused: 2, excluded: 0] (e.g. com.mchange.v2.c3p0.impl.NewPooledConnection@19954bbe)
2020-04-18 10:53:08  [ http-nio-8080-exec-7:2871727 ] - [ DEBUG ]  com.mchange.v2.async.ThreadPoolAsynchronousRunner@56ea5b7: Adding task to queue -- com.mchange.v2.resourcepool.BasicResourcePool$1RefurbishCheckinResourceTask@71656f27
2020-04-18 10:53:08  [ http-nio-8080-exec-7:2871727 ] - [ DEBUG ]  trace com.mchange.v2.resourcepool.BasicResourcePool@4ae8abaa [managed: 3, unused: 2, excluded: 0] (e.g. com.mchange.v2.c3p0.impl.NewPooledConnection@19954bbe)
2020-04-18 10:53:08  [ http-nio-8080-exec-7:2871732 ] - [ DEBUG ]  trace com.mchange.v2.resourcepool.BasicResourcePool@4ae8abaa [managed: 3, unused: 2, excluded: 0] (e.g. com.mchange.v2.c3p0.impl.NewPooledConnection@19954bbe)
2020-04-18 10:53:09  [ http-nio-8080-exec-7:2871740 ] - [ DEBUG ]  com.mchange.v2.async.ThreadPoolAsynchronousRunner@56ea5b7: Adding task to queue -- com.mchange.v2.resourcepool.BasicResourcePool$1RefurbishCheckinResourceTask@350eaa86
2020-04-18 10:53:09  [ http-nio-8080-exec-7:2871741 ] - [ DEBUG ]  trace com.mchange.v2.resourcepool.BasicResourcePool@4ae8abaa [managed: 3, unused: 2, excluded: 0] (e.g. com.mchange.v2.c3p0.impl.NewPooledConnection@19954bbe)
2020-04-18 10:54:59  [ http-nio-8080-exec-7:2982656 ] - [ DEBUG ]  trace com.mchange.v2.resourcepool.BasicResourcePool@4ae8abaa [managed: 3, unused: 2, excluded: 0] (e.g. com.mchange.v2.c3p0.impl.NewPooledConnection@19954bbe)
2020-04-18 10:54:59  [ http-nio-8080-exec-7:2982658 ] - [ DEBUG ]  com.mchange.v2.async.ThreadPoolAsynchronousRunner@56ea5b7: Adding task to queue -- com.mchange.v2.resourcepool.BasicResourcePool$1RefurbishCheckinResourceTask@3f801f75
2020-04-18 10:54:59  [ http-nio-8080-exec-7:2982658 ] - [ DEBUG ]  trace com.mchange.v2.resourcepool.BasicResourcePool@4ae8abaa [managed: 3, unused: 2, excluded: 0] (e.g. com.mchange.v2.c3p0.impl.NewPooledConnection@19954bbe)
2020-04-18 10:54:59  [ http-nio-8080-exec-7:2982658 ] - [ DEBUG ]  trace com.mchange.v2.resourcepool.BasicResourcePool@4ae8abaa [managed: 3, unused: 1, excluded: 0] (e.g. com.mchange.v2.c3p0.impl.NewPooledConnection@19954bbe)
2020-04-18 10:54:59  [ http-nio-8080-exec-7:2982661 ] - [ DEBUG ]  com.mchange.v2.async.ThreadPoolAsynchronousRunner@56ea5b7: Adding task to queue -- com.mchange.v2.resourcepool.BasicResourcePool$1RefurbishCheckinResourceTask@215461fd
2020-04-18 10:54:59  [ http-nio-8080-exec-7:2982662 ] - [ DEBUG ]  trace com.mchange.v2.resourcepool.BasicResourcePool@4ae8abaa [managed: 3, unused: 2, excluded: 0] (e.g. com.mchange.v2.c3p0.impl.NewPooledConnection@19954bbe)
2020-04-18 10:55:03  [ http-nio-8080-exec-5:2986311 ] - [ DEBUG ]  trace com.mchange.v2.resourcepool.BasicResourcePool@4ae8abaa [managed: 3, unused: 2, excluded: 0] (e.g. com.mchange.v2.c3p0.impl.NewPooledConnection@19954bbe)
2020-04-18 10:55:03  [ http-nio-8080-exec-5:2986315 ] - [ DEBUG ]  com.mchange.v2.async.ThreadPoolAsynchronousRunner@56ea5b7: Adding task to queue -- com.mchange.v2.resourcepool.BasicResourcePool$1RefurbishCheckinResourceTask@6a3ca5a2
2020-04-18 10:55:03  [ http-nio-8080-exec-5:2986315 ] - [ DEBUG ]  trace com.mchange.v2.resourcepool.BasicResourcePool@4ae8abaa [managed: 3, unused: 2, excluded: 0] (e.g. com.mchange.v2.c3p0.impl.NewPooledConnection@19954bbe)
2020-04-18 11:01:29  [ http-nio-8080-exec-7:3372028 ] - [ DEBUG ]  trace com.mchange.v2.resourcepool.BasicResourcePool@4ae8abaa [managed: 3, unused: 2, excluded: 0] (e.g. com.mchange.v2.c3p0.impl.NewPooledConnection@19954bbe)
2020-04-18 11:01:29  [ http-nio-8080-exec-7:3372033 ] - [ DEBUG ]  com.mchange.v2.async.ThreadPoolAsynchronousRunner@56ea5b7: Adding task to queue -- com.mchange.v2.resourcepool.BasicResourcePool$1RefurbishCheckinResourceTask@5d720a32
2020-04-18 11:01:29  [ http-nio-8080-exec-7:3372034 ] - [ DEBUG ]  trace com.mchange.v2.resourcepool.BasicResourcePool@4ae8abaa [managed: 3, unused: 2, excluded: 0] (e.g. com.mchange.v2.c3p0.impl.NewPooledConnection@19954bbe)
2020-04-18 11:01:35  [ http-nio-8080-exec-1:3378595 ] - [ DEBUG ]  trace com.mchange.v2.resourcepool.BasicResourcePool@4ae8abaa [managed: 3, unused: 2, excluded: 0] (e.g. com.mchange.v2.c3p0.impl.NewPooledConnection@19954bbe)
2020-04-18 11:01:35  [ http-nio-8080-exec-1:3378602 ] - [ DEBUG ]  com.mchange.v2.async.ThreadPoolAsynchronousRunner@56ea5b7: Adding task to queue -- com.mchange.v2.resourcepool.BasicResourcePool$1RefurbishCheckinResourceTask@1beaec73
2020-04-18 11:01:35  [ http-nio-8080-exec-1:3378603 ] - [ DEBUG ]  trace com.mchange.v2.resourcepool.BasicResourcePool@4ae8abaa [managed: 3, unused: 2, excluded: 0] (e.g. com.mchange.v2.c3p0.impl.NewPooledConnection@19954bbe)
2020-04-18 11:03:04  [ http-nio-8080-exec-5:3467423 ] - [ DEBUG ]  trace com.mchange.v2.resourcepool.BasicResourcePool@4ae8abaa [managed: 3, unused: 2, excluded: 0] (e.g. com.mchange.v2.c3p0.impl.NewPooledConnection@19954bbe)
2020-04-18 11:03:04  [ http-nio-8080-exec-5:3467426 ] - [ DEBUG ]  com.mchange.v2.async.ThreadPoolAsynchronousRunner@56ea5b7: Adding task to queue -- com.mchange.v2.resourcepool.BasicResourcePool$1RefurbishCheckinResourceTask@1daac812
2020-04-18 11:03:04  [ http-nio-8080-exec-5:3467426 ] - [ DEBUG ]  trace com.mchange.v2.resourcepool.BasicResourcePool@4ae8abaa [managed: 3, unused: 2, excluded: 0] (e.g. com.mchange.v2.c3p0.impl.NewPooledConnection@19954bbe)
2020-04-18 11:03:04  [ http-nio-8080-exec-5:3467426 ] - [ DEBUG ]  trace com.mchange.v2.resourcepool.BasicResourcePool@4ae8abaa [managed: 3, unused: 2, excluded: 0] (e.g. com.mchange.v2.c3p0.impl.NewPooledConnection@19954bbe)
2020-04-18 11:03:04  [ http-nio-8080-exec-5:3467430 ] - [ DEBUG ]  com.mchange.v2.async.ThreadPoolAsynchronousRunner@56ea5b7: Adding task to queue -- com.mchange.v2.resourcepool.BasicResourcePool$1RefurbishCheckinResourceTask@52358069
2020-04-18 11:03:04  [ http-nio-8080-exec-5:3467430 ] - [ DEBUG ]  trace com.mchange.v2.resourcepool.BasicResourcePool@4ae8abaa [managed: 3, unused: 2, excluded: 0] (e.g. com.mchange.v2.c3p0.impl.NewPooledConnection@19954bbe)
2020-04-18 11:03:06  [ http-nio-8080-exec-8:3469270 ] - [ DEBUG ]  trace com.mchange.v2.resourcepool.BasicResourcePool@4ae8abaa [managed: 3, unused: 2, excluded: 0] (e.g. com.mchange.v2.c3p0.impl.NewPooledConnection@19954bbe)
2020-04-18 11:03:06  [ http-nio-8080-exec-8:3469272 ] - [ DEBUG ]  com.mchange.v2.async.ThreadPoolAsynchronousRunner@56ea5b7: Adding task to queue -- com.mchange.v2.resourcepool.BasicResourcePool$1RefurbishCheckinResourceTask@2386b2f7
2020-04-18 11:03:06  [ http-nio-8080-exec-8:3469273 ] - [ DEBUG ]  trace com.mchange.v2.resourcepool.BasicResourcePool@4ae8abaa [managed: 3, unused: 2, excluded: 0] (e.g. com.mchange.v2.c3p0.impl.NewPooledConnection@19954bbe)
2020-04-18 11:03:06  [ http-nio-8080-exec-8:3469273 ] - [ DEBUG ]  trace com.mchange.v2.resourcepool.BasicResourcePool@4ae8abaa [managed: 3, unused: 2, excluded: 0] (e.g. com.mchange.v2.c3p0.impl.NewPooledConnection@19954bbe)
2020-04-18 11:03:06  [ http-nio-8080-exec-8:3469280 ] - [ DEBUG ]  com.mchange.v2.async.ThreadPoolAsynchronousRunner@56ea5b7: Adding task to queue -- com.mchange.v2.resourcepool.BasicResourcePool$1RefurbishCheckinResourceTask@14aaaefa
2020-04-18 11:03:06  [ http-nio-8080-exec-8:3469281 ] - [ DEBUG ]  trace com.mchange.v2.resourcepool.BasicResourcePool@4ae8abaa [managed: 3, unused: 2, excluded: 0] (e.g. com.mchange.v2.c3p0.impl.NewPooledConnection@19954bbe)
2020-04-18 11:03:59  [ http-nio-8080-exec-7:3522598 ] - [ DEBUG ]  trace com.mchange.v2.resourcepool.BasicResourcePool@4ae8abaa [managed: 3, unused: 2, excluded: 0] (e.g. com.mchange.v2.c3p0.impl.NewPooledConnection@19954bbe)
2020-04-18 11:03:59  [ http-nio-8080-exec-7:3522601 ] - [ DEBUG ]  com.mchange.v2.async.ThreadPoolAsynchronousRunner@56ea5b7: Adding task to queue -- com.mchange.v2.resourcepool.BasicResourcePool$1RefurbishCheckinResourceTask@16a6d82
2020-04-18 11:03:59  [ http-nio-8080-exec-7:3522601 ] - [ DEBUG ]  trace com.mchange.v2.resourcepool.BasicResourcePool@4ae8abaa [managed: 3, unused: 2, excluded: 0] (e.g. com.mchange.v2.c3p0.impl.NewPooledConnection@19954bbe)
2020-04-18 11:03:59  [ http-nio-8080-exec-7:3522602 ] - [ DEBUG ]  trace com.mchange.v2.resourcepool.BasicResourcePool@4ae8abaa [managed: 3, unused: 1, excluded: 0] (e.g. com.mchange.v2.c3p0.impl.NewPooledConnection@19954bbe)
2020-04-18 11:03:59  [ http-nio-8080-exec-7:3522604 ] - [ DEBUG ]  com.mchange.v2.async.ThreadPoolAsynchronousRunner@56ea5b7: Adding task to queue -- com.mchange.v2.resourcepool.BasicResourcePool$1RefurbishCheckinResourceTask@24718c1
2020-04-18 11:03:59  [ http-nio-8080-exec-7:3522605 ] - [ DEBUG ]  trace com.mchange.v2.resourcepool.BasicResourcePool@4ae8abaa [managed: 3, unused: 2, excluded: 0] (e.g. com.mchange.v2.c3p0.impl.NewPooledConnection@19954bbe)
2020-04-18 11:04:03  [ http-nio-8080-exec-5:3526570 ] - [ DEBUG ]  trace com.mchange.v2.resourcepool.BasicResourcePool@4ae8abaa [managed: 3, unused: 2, excluded: 0] (e.g. com.mchange.v2.c3p0.impl.NewPooledConnection@19954bbe)
2020-04-18 11:04:03  [ http-nio-8080-exec-5:3526572 ] - [ DEBUG ]  com.mchange.v2.async.ThreadPoolAsynchronousRunner@56ea5b7: Adding task to queue -- com.mchange.v2.resourcepool.BasicResourcePool$1RefurbishCheckinResourceTask@24fdd896
2020-04-18 11:04:03  [ http-nio-8080-exec-5:3526572 ] - [ DEBUG ]  trace com.mchange.v2.resourcepool.BasicResourcePool@4ae8abaa [managed: 3, unused: 2, excluded: 0] (e.g. com.mchange.v2.c3p0.impl.NewPooledConnection@19954bbe)
2020-04-18 11:04:26  [ http-nio-8080-exec-10:3549331 ] - [ DEBUG ]  trace com.mchange.v2.resourcepool.BasicResourcePool@4ae8abaa [managed: 3, unused: 2, excluded: 0] (e.g. com.mchange.v2.c3p0.impl.NewPooledConnection@19954bbe)
2020-04-18 11:04:26  [ http-nio-8080-exec-10:3549334 ] - [ DEBUG ]  com.mchange.v2.async.ThreadPoolAsynchronousRunner@56ea5b7: Adding task to queue -- com.mchange.v2.resourcepool.BasicResourcePool$1RefurbishCheckinResourceTask@67b4edd6
2020-04-18 11:04:26  [ http-nio-8080-exec-10:3549334 ] - [ DEBUG ]  trace com.mchange.v2.resourcepool.BasicResourcePool@4ae8abaa [managed: 3, unused: 2, excluded: 0] (e.g. com.mchange.v2.c3p0.impl.NewPooledConnection@19954bbe)
2020-04-18 11:04:26  [ http-nio-8080-exec-10:3549335 ] - [ DEBUG ]  trace com.mchange.v2.resourcepool.BasicResourcePool@4ae8abaa [managed: 3, unused: 2, excluded: 0] (e.g. com.mchange.v2.c3p0.impl.NewPooledConnection@19954bbe)
2020-04-18 11:04:26  [ http-nio-8080-exec-10:3549337 ] - [ DEBUG ]  com.mchange.v2.async.ThreadPoolAsynchronousRunner@56ea5b7: Adding task to queue -- com.mchange.v2.resourcepool.BasicResourcePool$1RefurbishCheckinResourceTask@7bed05fa
2020-04-18 11:04:26  [ http-nio-8080-exec-10:3549337 ] - [ DEBUG ]  trace com.mchange.v2.resourcepool.BasicResourcePool@4ae8abaa [managed: 3, unused: 2, excluded: 0] (e.g. com.mchange.v2.c3p0.impl.NewPooledConnection@19954bbe)
2020-04-18 11:05:13  [ http-nio-8080-exec-2:3596243 ] - [ DEBUG ]  trace com.mchange.v2.resourcepool.BasicResourcePool@4ae8abaa [managed: 3, unused: 2, excluded: 0] (e.g. com.mchange.v2.c3p0.impl.NewPooledConnection@19954bbe)
2020-04-18 11:05:13  [ http-nio-8080-exec-2:3596249 ] - [ DEBUG ]  com.mchange.v2.async.ThreadPoolAsynchronousRunner@56ea5b7: Adding task to queue -- com.mchange.v2.resourcepool.BasicResourcePool$1RefurbishCheckinResourceTask@511a9da4
2020-04-18 11:05:13  [ http-nio-8080-exec-2:3596249 ] - [ DEBUG ]  trace com.mchange.v2.resourcepool.BasicResourcePool@4ae8abaa [managed: 3, unused: 2, excluded: 0] (e.g. com.mchange.v2.c3p0.impl.NewPooledConnection@19954bbe)
2020-04-18 11:05:13  [ http-nio-8080-exec-2:3596253 ] - [ DEBUG ]  trace com.mchange.v2.resourcepool.BasicResourcePool@4ae8abaa [managed: 3, unused: 2, excluded: 0] (e.g. com.mchange.v2.c3p0.impl.NewPooledConnection@19954bbe)
2020-04-18 11:05:13  [ http-nio-8080-exec-2:3596272 ] - [ DEBUG ]  com.mchange.v2.async.ThreadPoolAsynchronousRunner@56ea5b7: Adding task to queue -- com.mchange.v2.resourcepool.BasicResourcePool$1RefurbishCheckinResourceTask@6960ee16
2020-04-18 11:05:13  [ http-nio-8080-exec-2:3596273 ] - [ DEBUG ]  trace com.mchange.v2.resourcepool.BasicResourcePool@4ae8abaa [managed: 3, unused: 2, excluded: 0] (e.g. com.mchange.v2.c3p0.impl.NewPooledConnection@19954bbe)
2020-04-18 11:06:43  [ http-nio-8080-exec-3:3686607 ] - [ DEBUG ]  trace com.mchange.v2.resourcepool.BasicResourcePool@4ae8abaa [managed: 3, unused: 2, excluded: 0] (e.g. com.mchange.v2.c3p0.impl.NewPooledConnection@19954bbe)
2020-04-18 11:06:43  [ http-nio-8080-exec-3:3686609 ] - [ DEBUG ]  com.mchange.v2.async.ThreadPoolAsynchronousRunner@56ea5b7: Adding task to queue -- com.mchange.v2.resourcepool.BasicResourcePool$1RefurbishCheckinResourceTask@ed42825
2020-04-18 11:06:43  [ http-nio-8080-exec-3:3686609 ] - [ DEBUG ]  trace com.mchange.v2.resourcepool.BasicResourcePool@4ae8abaa [managed: 3, unused: 2, excluded: 0] (e.g. com.mchange.v2.c3p0.impl.NewPooledConnection@19954bbe)
2020-04-18 11:06:43  [ http-nio-8080-exec-3:3686609 ] - [ DEBUG ]  trace com.mchange.v2.resourcepool.BasicResourcePool@4ae8abaa [managed: 3, unused: 2, excluded: 0] (e.g. com.mchange.v2.c3p0.impl.NewPooledConnection@19954bbe)
2020-04-18 11:06:43  [ http-nio-8080-exec-3:3686612 ] - [ DEBUG ]  com.mchange.v2.async.ThreadPoolAsynchronousRunner@56ea5b7: Adding task to queue -- com.mchange.v2.resourcepool.BasicResourcePool$1RefurbishCheckinResourceTask@460492b6
2020-04-18 11:06:43  [ http-nio-8080-exec-3:3686612 ] - [ DEBUG ]  trace com.mchange.v2.resourcepool.BasicResourcePool@4ae8abaa [managed: 3, unused: 2, excluded: 0] (e.g. com.mchange.v2.c3p0.impl.NewPooledConnection@19954bbe)
2020-04-18 11:10:51  [ http-nio-8080-exec-3:3934133 ] - [ DEBUG ]  trace com.mchange.v2.resourcepool.BasicResourcePool@4ae8abaa [managed: 3, unused: 2, excluded: 0] (e.g. com.mchange.v2.c3p0.impl.NewPooledConnection@19954bbe)
2020-04-18 11:10:51  [ http-nio-8080-exec-3:3934138 ] - [ DEBUG ]  com.mchange.v2.async.ThreadPoolAsynchronousRunner@56ea5b7: Adding task to queue -- com.mchange.v2.resourcepool.BasicResourcePool$1RefurbishCheckinResourceTask@3e54005e
2020-04-18 11:10:51  [ http-nio-8080-exec-3:3934139 ] - [ DEBUG ]  trace com.mchange.v2.resourcepool.BasicResourcePool@4ae8abaa [managed: 3, unused: 2, excluded: 0] (e.g. com.mchange.v2.c3p0.impl.NewPooledConnection@19954bbe)
2020-04-18 11:10:51  [ http-nio-8080-exec-3:3934139 ] - [ DEBUG ]  trace com.mchange.v2.resourcepool.BasicResourcePool@4ae8abaa [managed: 3, unused: 2, excluded: 0] (e.g. com.mchange.v2.c3p0.impl.NewPooledConnection@19954bbe)
2020-04-18 11:10:51  [ http-nio-8080-exec-3:3934141 ] - [ DEBUG ]  com.mchange.v2.async.ThreadPoolAsynchronousRunner@56ea5b7: Adding task to queue -- com.mchange.v2.resourcepool.BasicResourcePool$1RefurbishCheckinResourceTask@3fa4f219
2020-04-18 11:10:51  [ http-nio-8080-exec-3:3934142 ] - [ DEBUG ]  trace com.mchange.v2.resourcepool.BasicResourcePool@4ae8abaa [managed: 3, unused: 2, excluded: 0] (e.g. com.mchange.v2.c3p0.impl.NewPooledConnection@19954bbe)
2020-04-18 11:11:04  [ http-nio-8080-exec-6:3947447 ] - [ DEBUG ]  trace com.mchange.v2.resourcepool.BasicResourcePool@4ae8abaa [managed: 3, unused: 2, excluded: 0] (e.g. com.mchange.v2.c3p0.impl.NewPooledConnection@19954bbe)
2020-04-18 11:11:04  [ http-nio-8080-exec-6:3947449 ] - [ DEBUG ]  com.mchange.v2.async.ThreadPoolAsynchronousRunner@56ea5b7: Adding task to queue -- com.mchange.v2.resourcepool.BasicResourcePool$1RefurbishCheckinResourceTask@265bbf7e
2020-04-18 11:11:04  [ http-nio-8080-exec-6:3947449 ] - [ DEBUG ]  trace com.mchange.v2.resourcepool.BasicResourcePool@4ae8abaa [managed: 3, unused: 2, excluded: 0] (e.g. com.mchange.v2.c3p0.impl.NewPooledConnection@19954bbe)
2020-04-18 11:11:04  [ http-nio-8080-exec-6:3947449 ] - [ DEBUG ]  trace com.mchange.v2.resourcepool.BasicResourcePool@4ae8abaa [managed: 3, unused: 2, excluded: 0] (e.g. com.mchange.v2.c3p0.impl.NewPooledConnection@19954bbe)
2020-04-18 11:11:04  [ http-nio-8080-exec-6:3947451 ] - [ DEBUG ]  com.mchange.v2.async.ThreadPoolAsynchronousRunner@56ea5b7: Adding task to queue -- com.mchange.v2.resourcepool.BasicResourcePool$1RefurbishCheckinResourceTask@5138200f
2020-04-18 11:11:04  [ http-nio-8080-exec-6:3947452 ] - [ DEBUG ]  trace com.mchange.v2.resourcepool.BasicResourcePool@4ae8abaa [managed: 3, unused: 2, excluded: 0] (e.g. com.mchange.v2.c3p0.impl.NewPooledConnection@19954bbe)
2020-04-18 11:11:37  [ http-nio-8080-exec-5:3980385 ] - [ DEBUG ]  trace com.mchange.v2.resourcepool.BasicResourcePool@4ae8abaa [managed: 3, unused: 2, excluded: 0] (e.g. com.mchange.v2.c3p0.impl.NewPooledConnection@19954bbe)
2020-04-18 11:11:37  [ http-nio-8080-exec-5:3980387 ] - [ DEBUG ]  com.mchange.v2.async.ThreadPoolAsynchronousRunner@56ea5b7: Adding task to queue -- com.mchange.v2.resourcepool.BasicResourcePool$1RefurbishCheckinResourceTask@5b8c67e4
2020-04-18 11:11:37  [ http-nio-8080-exec-5:3980387 ] - [ DEBUG ]  trace com.mchange.v2.resourcepool.BasicResourcePool@4ae8abaa [managed: 3, unused: 2, excluded: 0] (e.g. com.mchange.v2.c3p0.impl.NewPooledConnection@19954bbe)
2020-04-18 11:11:37  [ http-nio-8080-exec-5:3980387 ] - [ DEBUG ]  trace com.mchange.v2.resourcepool.BasicResourcePool@4ae8abaa [managed: 3, unused: 2, excluded: 0] (e.g. com.mchange.v2.c3p0.impl.NewPooledConnection@19954bbe)
2020-04-18 11:11:37  [ http-nio-8080-exec-5:3980391 ] - [ DEBUG ]  com.mchange.v2.async.ThreadPoolAsynchronousRunner@56ea5b7: Adding task to queue -- com.mchange.v2.resourcepool.BasicResourcePool$1RefurbishCheckinResourceTask@294c870b
2020-04-18 11:11:37  [ http-nio-8080-exec-5:3980392 ] - [ DEBUG ]  trace com.mchange.v2.resourcepool.BasicResourcePool@4ae8abaa [managed: 3, unused: 2, excluded: 0] (e.g. com.mchange.v2.c3p0.impl.NewPooledConnection@19954bbe)
2020-04-18 11:38:02  [ http-nio-8080-exec-8:5565174 ] - [ DEBUG ]  trace com.mchange.v2.resourcepool.BasicResourcePool@4ae8abaa [managed: 3, unused: 2, excluded: 0] (e.g. com.mchange.v2.c3p0.impl.NewPooledConnection@19954bbe)
2020-04-18 11:38:02  [ http-nio-8080-exec-8:5565183 ] - [ DEBUG ]  com.mchange.v2.async.ThreadPoolAsynchronousRunner@56ea5b7: Adding task to queue -- com.mchange.v2.resourcepool.BasicResourcePool$1RefurbishCheckinResourceTask@1f8df8df
2020-04-18 11:38:02  [ http-nio-8080-exec-8:5565183 ] - [ DEBUG ]  trace com.mchange.v2.resourcepool.BasicResourcePool@4ae8abaa [managed: 3, unused: 2, excluded: 0] (e.g. com.mchange.v2.c3p0.impl.NewPooledConnection@19954bbe)
2020-04-18 11:38:02  [ http-nio-8080-exec-8:5565188 ] - [ DEBUG ]  trace com.mchange.v2.resourcepool.BasicResourcePool@4ae8abaa [managed: 3, unused: 2, excluded: 0] (e.g. com.mchange.v2.c3p0.impl.NewPooledConnection@19954bbe)
2020-04-18 11:38:02  [ http-nio-8080-exec-8:5565196 ] - [ DEBUG ]  com.mchange.v2.async.ThreadPoolAsynchronousRunner@56ea5b7: Adding task to queue -- com.mchange.v2.resourcepool.BasicResourcePool$1RefurbishCheckinResourceTask@1012f146
2020-04-18 11:38:02  [ http-nio-8080-exec-8:5565196 ] - [ DEBUG ]  trace com.mchange.v2.resourcepool.BasicResourcePool@4ae8abaa [managed: 3, unused: 2, excluded: 0] (e.g. com.mchange.v2.c3p0.impl.NewPooledConnection@19954bbe)
2020-04-18 11:58:27  [ http-nio-8080-exec-1:6789748 ] - [ DEBUG ]  trace com.mchange.v2.resourcepool.BasicResourcePool@4ae8abaa [managed: 3, unused: 2, excluded: 0] (e.g. com.mchange.v2.c3p0.impl.NewPooledConnection@19954bbe)
2020-04-18 11:58:27  [ http-nio-8080-exec-1:6789754 ] - [ DEBUG ]  com.mchange.v2.async.ThreadPoolAsynchronousRunner@56ea5b7: Adding task to queue -- com.mchange.v2.resourcepool.BasicResourcePool$1RefurbishCheckinResourceTask@21aefdc4
2020-04-18 11:58:27  [ http-nio-8080-exec-1:6789754 ] - [ DEBUG ]  trace com.mchange.v2.resourcepool.BasicResourcePool@4ae8abaa [managed: 3, unused: 2, excluded: 0] (e.g. com.mchange.v2.c3p0.impl.NewPooledConnection@19954bbe)
2020-04-18 11:58:27  [ http-nio-8080-exec-1:6789759 ] - [ DEBUG ]  trace com.mchange.v2.resourcepool.BasicResourcePool@4ae8abaa [managed: 3, unused: 2, excluded: 0] (e.g. com.mchange.v2.c3p0.impl.NewPooledConnection@19954bbe)
2020-04-18 11:58:27  [ http-nio-8080-exec-1:6789777 ] - [ DEBUG ]  com.mchange.v2.async.ThreadPoolAsynchronousRunner@56ea5b7: Adding task to queue -- com.mchange.v2.resourcepool.BasicResourcePool$1RefurbishCheckinResourceTask@1eb8d617
2020-04-18 11:58:27  [ http-nio-8080-exec-1:6789778 ] - [ DEBUG ]  trace com.mchange.v2.resourcepool.BasicResourcePool@4ae8abaa [managed: 3, unused: 2, excluded: 0] (e.g. com.mchange.v2.c3p0.impl.NewPooledConnection@19954bbe)
2020-04-18 11:58:30  [ http-nio-8080-exec-4:6793058 ] - [ DEBUG ]  trace com.mchange.v2.resourcepool.BasicResourcePool@4ae8abaa [managed: 3, unused: 2, excluded: 0] (e.g. com.mchange.v2.c3p0.impl.NewPooledConnection@19954bbe)
2020-04-18 11:58:30  [ http-nio-8080-exec-4:6793060 ] - [ DEBUG ]  com.mchange.v2.async.ThreadPoolAsynchronousRunner@56ea5b7: Adding task to queue -- com.mchange.v2.resourcepool.BasicResourcePool$1RefurbishCheckinResourceTask@6636f2f4
2020-04-18 11:58:30  [ http-nio-8080-exec-4:6793061 ] - [ DEBUG ]  trace com.mchange.v2.resourcepool.BasicResourcePool@4ae8abaa [managed: 3, unused: 2, excluded: 0] (e.g. com.mchange.v2.c3p0.impl.NewPooledConnection@19954bbe)
2020-04-18 11:58:30  [ http-nio-8080-exec-4:6793061 ] - [ DEBUG ]  trace com.mchange.v2.resourcepool.BasicResourcePool@4ae8abaa [managed: 3, unused: 2, excluded: 0] (e.g. com.mchange.v2.c3p0.impl.NewPooledConnection@19954bbe)
2020-04-18 11:58:30  [ http-nio-8080-exec-4:6793065 ] - [ DEBUG ]  com.mchange.v2.async.ThreadPoolAsynchronousRunner@56ea5b7: Adding task to queue -- com.mchange.v2.resourcepool.BasicResourcePool$1RefurbishCheckinResourceTask@71b483da
2020-04-18 11:58:30  [ http-nio-8080-exec-4:6793066 ] - [ DEBUG ]  trace com.mchange.v2.resourcepool.BasicResourcePool@4ae8abaa [managed: 3, unused: 2, excluded: 0] (e.g. com.mchange.v2.c3p0.impl.NewPooledConnection@19954bbe)
2020-04-18 11:59:33  [ http-nio-8080-exec-9:6855954 ] - [ DEBUG ]  trace com.mchange.v2.resourcepool.BasicResourcePool@4ae8abaa [managed: 3, unused: 2, excluded: 0] (e.g. com.mchange.v2.c3p0.impl.NewPooledConnection@19954bbe)
2020-04-18 11:59:33  [ http-nio-8080-exec-9:6855957 ] - [ DEBUG ]  com.mchange.v2.async.ThreadPoolAsynchronousRunner@56ea5b7: Adding task to queue -- com.mchange.v2.resourcepool.BasicResourcePool$1RefurbishCheckinResourceTask@74754993
2020-04-18 11:59:33  [ http-nio-8080-exec-9:6855957 ] - [ DEBUG ]  trace com.mchange.v2.resourcepool.BasicResourcePool@4ae8abaa [managed: 3, unused: 2, excluded: 0] (e.g. com.mchange.v2.c3p0.impl.NewPooledConnection@19954bbe)
2020-04-18 12:02:56  [ http-nio-8080-exec-7:7059149 ] - [ DEBUG ]  trace com.mchange.v2.resourcepool.BasicResourcePool@4ae8abaa [managed: 3, unused: 2, excluded: 0] (e.g. com.mchange.v2.c3p0.impl.NewPooledConnection@19954bbe)
2020-04-18 12:02:56  [ http-nio-8080-exec-7:7059154 ] - [ DEBUG ]  com.mchange.v2.async.ThreadPoolAsynchronousRunner@56ea5b7: Adding task to queue -- com.mchange.v2.resourcepool.BasicResourcePool$1RefurbishCheckinResourceTask@4d97d6e5
2020-04-18 12:02:56  [ http-nio-8080-exec-7:7059155 ] - [ DEBUG ]  trace com.mchange.v2.resourcepool.BasicResourcePool@4ae8abaa [managed: 3, unused: 2, excluded: 0] (e.g. com.mchange.v2.c3p0.impl.NewPooledConnection@19954bbe)
2020-04-18 12:03:03  [ http-nio-8080-exec-9:7066349 ] - [ DEBUG ]  trace com.mchange.v2.resourcepool.BasicResourcePool@4ae8abaa [managed: 3, unused: 2, excluded: 0] (e.g. com.mchange.v2.c3p0.impl.NewPooledConnection@19954bbe)
2020-04-18 12:03:03  [ http-nio-8080-exec-9:7066353 ] - [ DEBUG ]  com.mchange.v2.async.ThreadPoolAsynchronousRunner@56ea5b7: Adding task to queue -- com.mchange.v2.resourcepool.BasicResourcePool$1RefurbishCheckinResourceTask@7040b50f
2020-04-18 12:03:03  [ http-nio-8080-exec-9:7066354 ] - [ DEBUG ]  trace com.mchange.v2.resourcepool.BasicResourcePool@4ae8abaa [managed: 3, unused: 2, excluded: 0] (e.g. com.mchange.v2.c3p0.impl.NewPooledConnection@19954bbe)
2020-04-18 12:07:15  [ http-nio-8080-exec-5:7318456 ] - [ DEBUG ]  trace com.mchange.v2.resourcepool.BasicResourcePool@4ae8abaa [managed: 3, unused: 2, excluded: 0] (e.g. com.mchange.v2.c3p0.impl.NewPooledConnection@19954bbe)
2020-04-18 12:07:15  [ http-nio-8080-exec-5:7318461 ] - [ DEBUG ]  com.mchange.v2.async.ThreadPoolAsynchronousRunner@56ea5b7: Adding task to queue -- com.mchange.v2.resourcepool.BasicResourcePool$1RefurbishCheckinResourceTask@456f497e
2020-04-18 12:07:15  [ http-nio-8080-exec-5:7318461 ] - [ DEBUG ]  trace com.mchange.v2.resourcepool.BasicResourcePool@4ae8abaa [managed: 3, unused: 2, excluded: 0] (e.g. com.mchange.v2.c3p0.impl.NewPooledConnection@19954bbe)
2020-04-18 12:07:15  [ http-nio-8080-exec-5:7318462 ] - [ DEBUG ]  trace com.mchange.v2.resourcepool.BasicResourcePool@4ae8abaa [managed: 3, unused: 1, excluded: 0] (e.g. com.mchange.v2.c3p0.impl.NewPooledConnection@19954bbe)
2020-04-18 12:07:15  [ http-nio-8080-exec-5:7318465 ] - [ DEBUG ]  com.mchange.v2.async.ThreadPoolAsynchronousRunner@56ea5b7: Adding task to queue -- com.mchange.v2.resourcepool.BasicResourcePool$1RefurbishCheckinResourceTask@1b71f93
2020-04-18 12:07:15  [ http-nio-8080-exec-5:7318465 ] - [ DEBUG ]  trace com.mchange.v2.resourcepool.BasicResourcePool@4ae8abaa [managed: 3, unused: 2, excluded: 0] (e.g. com.mchange.v2.c3p0.impl.NewPooledConnection@19954bbe)
2020-04-18 12:08:45  [ http-nio-8080-exec-8:7407912 ] - [ DEBUG ]  trace com.mchange.v2.resourcepool.BasicResourcePool@4ae8abaa [managed: 3, unused: 2, excluded: 0] (e.g. com.mchange.v2.c3p0.impl.NewPooledConnection@19954bbe)
2020-04-18 12:08:45  [ http-nio-8080-exec-8:7407916 ] - [ DEBUG ]  com.mchange.v2.async.ThreadPoolAsynchronousRunner@56ea5b7: Adding task to queue -- com.mchange.v2.resourcepool.BasicResourcePool$1RefurbishCheckinResourceTask@7327cb6f
2020-04-18 12:08:45  [ http-nio-8080-exec-8:7407916 ] - [ DEBUG ]  trace com.mchange.v2.resourcepool.BasicResourcePool@4ae8abaa [managed: 3, unused: 2, excluded: 0] (e.g. com.mchange.v2.c3p0.impl.NewPooledConnection@19954bbe)
2020-04-18 12:08:45  [ http-nio-8080-exec-8:7407917 ] - [ DEBUG ]  trace com.mchange.v2.resourcepool.BasicResourcePool@4ae8abaa [managed: 3, unused: 2, excluded: 0] (e.g. com.mchange.v2.c3p0.impl.NewPooledConnection@19954bbe)
2020-04-18 12:08:45  [ http-nio-8080-exec-8:7407923 ] - [ DEBUG ]  com.mchange.v2.async.ThreadPoolAsynchronousRunner@56ea5b7: Adding task to queue -- com.mchange.v2.resourcepool.BasicResourcePool$1RefurbishCheckinResourceTask@4ed1bd66
2020-04-18 12:08:45  [ http-nio-8080-exec-8:7407923 ] - [ DEBUG ]  trace com.mchange.v2.resourcepool.BasicResourcePool@4ae8abaa [managed: 3, unused: 2, excluded: 0] (e.g. com.mchange.v2.c3p0.impl.NewPooledConnection@19954bbe)
2020-04-18 12:33:54  [ http-nio-8080-exec-9:8916750 ] - [ DEBUG ]  trace com.mchange.v2.resourcepool.BasicResourcePool@4ae8abaa [managed: 3, unused: 2, excluded: 0] (e.g. com.mchange.v2.c3p0.impl.NewPooledConnection@19954bbe)
2020-04-18 12:33:54  [ http-nio-8080-exec-9:8916759 ] - [ DEBUG ]  com.mchange.v2.async.ThreadPoolAsynchronousRunner@56ea5b7: Adding task to queue -- com.mchange.v2.resourcepool.BasicResourcePool$1RefurbishCheckinResourceTask@559d7a30
2020-04-18 12:33:54  [ http-nio-8080-exec-9:8916760 ] - [ DEBUG ]  trace com.mchange.v2.resourcepool.BasicResourcePool@4ae8abaa [managed: 3, unused: 2, excluded: 0] (e.g. com.mchange.v2.c3p0.impl.NewPooledConnection@19954bbe)
2020-04-18 12:35:30  [ http-nio-8080-exec-5:9013422 ] - [ DEBUG ]  trace com.mchange.v2.resourcepool.BasicResourcePool@4ae8abaa [managed: 3, unused: 2, excluded: 0] (e.g. com.mchange.v2.c3p0.impl.NewPooledConnection@19954bbe)
2020-04-18 12:35:30  [ http-nio-8080-exec-5:9013428 ] - [ DEBUG ]  com.mchange.v2.async.ThreadPoolAsynchronousRunner@56ea5b7: Adding task to queue -- com.mchange.v2.resourcepool.BasicResourcePool$1RefurbishCheckinResourceTask@7daf7f06
2020-04-18 12:35:30  [ http-nio-8080-exec-5:9013428 ] - [ DEBUG ]  trace com.mchange.v2.resourcepool.BasicResourcePool@4ae8abaa [managed: 3, unused: 2, excluded: 0] (e.g. com.mchange.v2.c3p0.impl.NewPooledConnection@19954bbe)
2020-04-18 12:35:30  [ http-nio-8080-exec-5:9013429 ] - [ DEBUG ]  trace com.mchange.v2.resourcepool.BasicResourcePool@4ae8abaa [managed: 3, unused: 1, excluded: 0] (e.g. com.mchange.v2.c3p0.impl.NewPooledConnection@19954bbe)
2020-04-18 12:35:30  [ http-nio-8080-exec-5:9013432 ] - [ DEBUG ]  com.mchange.v2.async.ThreadPoolAsynchronousRunner@56ea5b7: Adding task to queue -- com.mchange.v2.resourcepool.BasicResourcePool$1RefurbishCheckinResourceTask@1350702a
2020-04-18 12:35:30  [ http-nio-8080-exec-5:9013433 ] - [ DEBUG ]  trace com.mchange.v2.resourcepool.BasicResourcePool@4ae8abaa [managed: 3, unused: 2, excluded: 0] (e.g. com.mchange.v2.c3p0.impl.NewPooledConnection@19954bbe)
2020-04-18 12:35:30  [ http-nio-8080-exec-5:9013433 ] - [ DEBUG ]  trace com.mchange.v2.resourcepool.BasicResourcePool@4ae8abaa [managed: 3, unused: 2, excluded: 0] (e.g. com.mchange.v2.c3p0.impl.NewPooledConnection@19954bbe)
2020-04-18 12:35:30  [ http-nio-8080-exec-5:9013434 ] - [ DEBUG ]  com.mchange.v2.async.ThreadPoolAsynchronousRunner@56ea5b7: Adding task to queue -- com.mchange.v2.resourcepool.BasicResourcePool$1RefurbishCheckinResourceTask@48a0509c
2020-04-18 12:35:30  [ http-nio-8080-exec-5:9013434 ] - [ DEBUG ]  trace com.mchange.v2.resourcepool.BasicResourcePool@4ae8abaa [managed: 3, unused: 2, excluded: 0] (e.g. com.mchange.v2.c3p0.impl.NewPooledConnection@19954bbe)
2020-04-18 12:35:34  [ http-nio-8080-exec-6:9017287 ] - [ DEBUG ]  trace com.mchange.v2.resourcepool.BasicResourcePool@4ae8abaa [managed: 3, unused: 2, excluded: 0] (e.g. com.mchange.v2.c3p0.impl.NewPooledConnection@19954bbe)
2020-04-18 12:35:34  [ http-nio-8080-exec-6:9017291 ] - [ DEBUG ]  com.mchange.v2.async.ThreadPoolAsynchronousRunner@56ea5b7: Adding task to queue -- com.mchange.v2.resourcepool.BasicResourcePool$1RefurbishCheckinResourceTask@5b2b98b0
2020-04-18 12:35:34  [ http-nio-8080-exec-6:9017291 ] - [ DEBUG ]  trace com.mchange.v2.resourcepool.BasicResourcePool@4ae8abaa [managed: 3, unused: 2, excluded: 0] (e.g. com.mchange.v2.c3p0.impl.NewPooledConnection@19954bbe)
2020-04-18 12:36:08  [ http-nio-8080-exec-8:9051245 ] - [ DEBUG ]  trace com.mchange.v2.resourcepool.BasicResourcePool@4ae8abaa [managed: 3, unused: 2, excluded: 0] (e.g. com.mchange.v2.c3p0.impl.NewPooledConnection@19954bbe)
2020-04-18 12:36:08  [ http-nio-8080-exec-8:9051250 ] - [ DEBUG ]  com.mchange.v2.async.ThreadPoolAsynchronousRunner@56ea5b7: Adding task to queue -- com.mchange.v2.resourcepool.BasicResourcePool$1RefurbishCheckinResourceTask@2dd5270c
2020-04-18 12:36:08  [ http-nio-8080-exec-8:9051250 ] - [ DEBUG ]  trace com.mchange.v2.resourcepool.BasicResourcePool@4ae8abaa [managed: 3, unused: 2, excluded: 0] (e.g. com.mchange.v2.c3p0.impl.NewPooledConnection@19954bbe)
2020-04-18 12:36:11  [ http-nio-8080-exec-7:9053834 ] - [ DEBUG ]  trace com.mchange.v2.resourcepool.BasicResourcePool@4ae8abaa [managed: 3, unused: 2, excluded: 0] (e.g. com.mchange.v2.c3p0.impl.NewPooledConnection@19954bbe)
2020-04-18 12:36:11  [ http-nio-8080-exec-7:9053837 ] - [ DEBUG ]  com.mchange.v2.async.ThreadPoolAsynchronousRunner@56ea5b7: Adding task to queue -- com.mchange.v2.resourcepool.BasicResourcePool$1RefurbishCheckinResourceTask@3f1228ad
2020-04-18 12:36:11  [ http-nio-8080-exec-7:9053838 ] - [ DEBUG ]  trace com.mchange.v2.resourcepool.BasicResourcePool@4ae8abaa [managed: 3, unused: 2, excluded: 0] (e.g. com.mchange.v2.c3p0.impl.NewPooledConnection@19954bbe)
2020-04-18 12:36:14  [ http-nio-8080-exec-10:9057175 ] - [ DEBUG ]  trace com.mchange.v2.resourcepool.BasicResourcePool@4ae8abaa [managed: 3, unused: 2, excluded: 0] (e.g. com.mchange.v2.c3p0.impl.NewPooledConnection@19954bbe)
2020-04-18 12:36:14  [ http-nio-8080-exec-10:9057177 ] - [ DEBUG ]  com.mchange.v2.async.ThreadPoolAsynchronousRunner@56ea5b7: Adding task to queue -- com.mchange.v2.resourcepool.BasicResourcePool$1RefurbishCheckinResourceTask@9e992cb
2020-04-18 12:36:14  [ http-nio-8080-exec-10:9057177 ] - [ DEBUG ]  trace com.mchange.v2.resourcepool.BasicResourcePool@4ae8abaa [managed: 3, unused: 2, excluded: 0] (e.g. com.mchange.v2.c3p0.impl.NewPooledConnection@19954bbe)
2020-04-18 12:36:55  [ http-nio-8080-exec-5:9097894 ] - [ DEBUG ]  trace com.mchange.v2.resourcepool.BasicResourcePool@4ae8abaa [managed: 3, unused: 2, excluded: 0] (e.g. com.mchange.v2.c3p0.impl.NewPooledConnection@19954bbe)
2020-04-18 12:36:55  [ http-nio-8080-exec-5:9097897 ] - [ DEBUG ]  com.mchange.v2.async.ThreadPoolAsynchronousRunner@56ea5b7: Adding task to queue -- com.mchange.v2.resourcepool.BasicResourcePool$1RefurbishCheckinResourceTask@78f3a35d
2020-04-18 12:36:55  [ http-nio-8080-exec-5:9097897 ] - [ DEBUG ]  trace com.mchange.v2.resourcepool.BasicResourcePool@4ae8abaa [managed: 3, unused: 2, excluded: 0] (e.g. com.mchange.v2.c3p0.impl.NewPooledConnection@19954bbe)
2020-04-18 12:36:55  [ http-nio-8080-exec-5:9097898 ] - [ DEBUG ]  trace com.mchange.v2.resourcepool.BasicResourcePool@4ae8abaa [managed: 3, unused: 2, excluded: 0] (e.g. com.mchange.v2.c3p0.impl.NewPooledConnection@19954bbe)
2020-04-18 12:36:55  [ http-nio-8080-exec-5:9097900 ] - [ DEBUG ]  com.mchange.v2.async.ThreadPoolAsynchronousRunner@56ea5b7: Adding task to queue -- com.mchange.v2.resourcepool.BasicResourcePool$1RefurbishCheckinResourceTask@49de1a94
2020-04-18 12:36:55  [ http-nio-8080-exec-5:9097901 ] - [ DEBUG ]  trace com.mchange.v2.resourcepool.BasicResourcePool@4ae8abaa [managed: 3, unused: 2, excluded: 0] (e.g. com.mchange.v2.c3p0.impl.NewPooledConnection@19954bbe)
2020-04-18 12:36:55  [ http-nio-8080-exec-5:9097901 ] - [ DEBUG ]  trace com.mchange.v2.resourcepool.BasicResourcePool@4ae8abaa [managed: 3, unused: 2, excluded: 0] (e.g. com.mchange.v2.c3p0.impl.NewPooledConnection@19954bbe)
2020-04-18 12:36:55  [ http-nio-8080-exec-5:9097903 ] - [ DEBUG ]  com.mchange.v2.async.ThreadPoolAsynchronousRunner@56ea5b7: Adding task to queue -- com.mchange.v2.resourcepool.BasicResourcePool$1RefurbishCheckinResourceTask@6d008eb
2020-04-18 12:36:55  [ http-nio-8080-exec-5:9097904 ] - [ DEBUG ]  trace com.mchange.v2.resourcepool.BasicResourcePool@4ae8abaa [managed: 3, unused: 2, excluded: 0] (e.g. com.mchange.v2.c3p0.impl.NewPooledConnection@19954bbe)
2020-04-18 12:37:08  [ http-nio-8080-exec-4:9111726 ] - [ DEBUG ]  trace com.mchange.v2.resourcepool.BasicResourcePool@4ae8abaa [managed: 3, unused: 2, excluded: 0] (e.g. com.mchange.v2.c3p0.impl.NewPooledConnection@19954bbe)
2020-04-18 12:37:08  [ http-nio-8080-exec-4:9111733 ] - [ DEBUG ]  com.mchange.v2.async.ThreadPoolAsynchronousRunner@56ea5b7: Adding task to queue -- com.mchange.v2.resourcepool.BasicResourcePool$1RefurbishCheckinResourceTask@2e35f912
2020-04-18 12:37:08  [ http-nio-8080-exec-4:9111733 ] - [ DEBUG ]  trace com.mchange.v2.resourcepool.BasicResourcePool@4ae8abaa [managed: 3, unused: 2, excluded: 0] (e.g. com.mchange.v2.c3p0.impl.NewPooledConnection@19954bbe)
2020-04-18 12:37:11  [ http-nio-8080-exec-1:9113910 ] - [ DEBUG ]  trace com.mchange.v2.resourcepool.BasicResourcePool@4ae8abaa [managed: 3, unused: 2, excluded: 0] (e.g. com.mchange.v2.c3p0.impl.NewPooledConnection@19954bbe)
2020-04-18 12:37:11  [ http-nio-8080-exec-1:9113912 ] - [ DEBUG ]  com.mchange.v2.async.ThreadPoolAsynchronousRunner@56ea5b7: Adding task to queue -- com.mchange.v2.resourcepool.BasicResourcePool$1RefurbishCheckinResourceTask@12cf03ea
2020-04-18 12:37:11  [ http-nio-8080-exec-1:9113913 ] - [ DEBUG ]  trace com.mchange.v2.resourcepool.BasicResourcePool@4ae8abaa [managed: 3, unused: 2, excluded: 0] (e.g. com.mchange.v2.c3p0.impl.NewPooledConnection@19954bbe)
2020-04-18 12:37:11  [ http-nio-8080-exec-8:9114161 ] - [ DEBUG ]  trace com.mchange.v2.resourcepool.BasicResourcePool@4ae8abaa [managed: 3, unused: 2, excluded: 0] (e.g. com.mchange.v2.c3p0.impl.NewPooledConnection@19954bbe)
2020-04-18 12:37:11  [ http-nio-8080-exec-8:9114166 ] - [ DEBUG ]  com.mchange.v2.async.ThreadPoolAsynchronousRunner@56ea5b7: Adding task to queue -- com.mchange.v2.resourcepool.BasicResourcePool$1RefurbishCheckinResourceTask@63f676cf
2020-04-18 12:37:11  [ http-nio-8080-exec-8:9114166 ] - [ DEBUG ]  trace com.mchange.v2.resourcepool.BasicResourcePool@4ae8abaa [managed: 3, unused: 2, excluded: 0] (e.g. com.mchange.v2.c3p0.impl.NewPooledConnection@19954bbe)
2020-04-18 12:38:29  [ http-nio-8080-exec-3:9192376 ] - [ DEBUG ]  trace com.mchange.v2.resourcepool.BasicResourcePool@4ae8abaa [managed: 3, unused: 2, excluded: 0] (e.g. com.mchange.v2.c3p0.impl.NewPooledConnection@19954bbe)
2020-04-18 12:38:29  [ http-nio-8080-exec-3:9192379 ] - [ DEBUG ]  com.mchange.v2.async.ThreadPoolAsynchronousRunner@56ea5b7: Adding task to queue -- com.mchange.v2.resourcepool.BasicResourcePool$1RefurbishCheckinResourceTask@34afff85
2020-04-18 12:38:29  [ http-nio-8080-exec-3:9192380 ] - [ DEBUG ]  trace com.mchange.v2.resourcepool.BasicResourcePool@4ae8abaa [managed: 3, unused: 2, excluded: 0] (e.g. com.mchange.v2.c3p0.impl.NewPooledConnection@19954bbe)
2020-04-18 12:38:30  [ http-nio-8080-exec-5:9193654 ] - [ DEBUG ]  trace com.mchange.v2.resourcepool.BasicResourcePool@4ae8abaa [managed: 3, unused: 2, excluded: 0] (e.g. com.mchange.v2.c3p0.impl.NewPooledConnection@19954bbe)
2020-04-18 12:38:30  [ http-nio-8080-exec-5:9193658 ] - [ DEBUG ]  com.mchange.v2.async.ThreadPoolAsynchronousRunner@56ea5b7: Adding task to queue -- com.mchange.v2.resourcepool.BasicResourcePool$1RefurbishCheckinResourceTask@2c6c5fdb
2020-04-18 12:38:30  [ http-nio-8080-exec-5:9193659 ] - [ DEBUG ]  trace com.mchange.v2.resourcepool.BasicResourcePool@4ae8abaa [managed: 3, unused: 2, excluded: 0] (e.g. com.mchange.v2.c3p0.impl.NewPooledConnection@19954bbe)
2020-04-18 14:27:04  [ http-nio-8080-exec-4:15707452 ] - [ DEBUG ]  trace com.mchange.v2.resourcepool.BasicResourcePool@4ae8abaa [managed: 3, unused: 2, excluded: 0] (e.g. com.mchange.v2.c3p0.impl.NewPooledConnection@19954bbe)
2020-04-18 14:27:04  [ http-nio-8080-exec-4:15707464 ] - [ DEBUG ]  com.mchange.v2.async.ThreadPoolAsynchronousRunner@56ea5b7: Adding task to queue -- com.mchange.v2.resourcepool.BasicResourcePool$1RefurbishCheckinResourceTask@1eaf1a07
2020-04-18 14:27:04  [ http-nio-8080-exec-4:15707464 ] - [ DEBUG ]  trace com.mchange.v2.resourcepool.BasicResourcePool@4ae8abaa [managed: 3, unused: 2, excluded: 0] (e.g. com.mchange.v2.c3p0.impl.NewPooledConnection@19954bbe)
2020-04-18 14:27:04  [ http-nio-8080-exec-4:15707464 ] - [ DEBUG ]  trace com.mchange.v2.resourcepool.BasicResourcePool@4ae8abaa [managed: 3, unused: 2, excluded: 0] (e.g. com.mchange.v2.c3p0.impl.NewPooledConnection@19954bbe)
2020-04-18 14:27:04  [ http-nio-8080-exec-4:15707465 ] - [ DEBUG ]  com.mchange.v2.async.ThreadPoolAsynchronousRunner@56ea5b7: Adding task to queue -- com.mchange.v2.resourcepool.BasicResourcePool$1RefurbishCheckinResourceTask@35e26783
2020-04-18 14:27:04  [ http-nio-8080-exec-4:15707466 ] - [ DEBUG ]  trace com.mchange.v2.resourcepool.BasicResourcePool@4ae8abaa [managed: 3, unused: 2, excluded: 0] (e.g. com.mchange.v2.c3p0.impl.NewPooledConnection@19954bbe)
2020-04-18 14:27:04  [ http-nio-8080-exec-4:15707466 ] - [ DEBUG ]  trace com.mchange.v2.resourcepool.BasicResourcePool@4ae8abaa [managed: 3, unused: 2, excluded: 0] (e.g. com.mchange.v2.c3p0.impl.NewPooledConnection@19954bbe)
2020-04-18 14:27:04  [ http-nio-8080-exec-4:15707467 ] - [ DEBUG ]  com.mchange.v2.async.ThreadPoolAsynchronousRunner@56ea5b7: Adding task to queue -- com.mchange.v2.resourcepool.BasicResourcePool$1RefurbishCheckinResourceTask@66912e16
2020-04-18 14:27:04  [ http-nio-8080-exec-4:15707467 ] - [ DEBUG ]  trace com.mchange.v2.resourcepool.BasicResourcePool@4ae8abaa [managed: 3, unused: 2, excluded: 0] (e.g. com.mchange.v2.c3p0.impl.NewPooledConnection@19954bbe)
2020-04-18 14:27:12  [ http-nio-8080-exec-10:15715126 ] - [ DEBUG ]  trace com.mchange.v2.resourcepool.BasicResourcePool@4ae8abaa [managed: 3, unused: 2, excluded: 0] (e.g. com.mchange.v2.c3p0.impl.NewPooledConnection@19954bbe)
2020-04-18 14:27:12  [ http-nio-8080-exec-10:15715128 ] - [ DEBUG ]  com.mchange.v2.async.ThreadPoolAsynchronousRunner@56ea5b7: Adding task to queue -- com.mchange.v2.resourcepool.BasicResourcePool$1RefurbishCheckinResourceTask@67f794ce
2020-04-18 14:27:12  [ http-nio-8080-exec-10:15715128 ] - [ DEBUG ]  trace com.mchange.v2.resourcepool.BasicResourcePool@4ae8abaa [managed: 3, unused: 2, excluded: 0] (e.g. com.mchange.v2.c3p0.impl.NewPooledConnection@19954bbe)
2020-04-18 15:15:56  [ http-nio-8080-exec-4:18638853 ] - [ DEBUG ]  trace com.mchange.v2.resourcepool.BasicResourcePool@4ae8abaa [managed: 3, unused: 2, excluded: 0] (e.g. com.mchange.v2.c3p0.impl.NewPooledConnection@19954bbe)
2020-04-18 15:15:56  [ http-nio-8080-exec-4:18638858 ] - [ DEBUG ]  com.mchange.v2.async.ThreadPoolAsynchronousRunner@56ea5b7: Adding task to queue -- com.mchange.v2.resourcepool.BasicResourcePool$1RefurbishCheckinResourceTask@3c0f5025
2020-04-18 15:15:56  [ http-nio-8080-exec-4:18638859 ] - [ DEBUG ]  trace com.mchange.v2.resourcepool.BasicResourcePool@4ae8abaa [managed: 3, unused: 2, excluded: 0] (e.g. com.mchange.v2.c3p0.impl.NewPooledConnection@19954bbe)
2020-04-18 15:18:32  [ http-nio-8080-exec-7:18795023 ] - [ DEBUG ]  trace com.mchange.v2.resourcepool.BasicResourcePool@4ae8abaa [managed: 3, unused: 2, excluded: 0] (e.g. com.mchange.v2.c3p0.impl.NewPooledConnection@19954bbe)
2020-04-18 15:18:32  [ http-nio-8080-exec-7:18795031 ] - [ DEBUG ]  com.mchange.v2.async.ThreadPoolAsynchronousRunner@56ea5b7: Adding task to queue -- com.mchange.v2.resourcepool.BasicResourcePool$1RefurbishCheckinResourceTask@4d9e3a5
2020-04-18 15:18:32  [ http-nio-8080-exec-7:18795031 ] - [ DEBUG ]  trace com.mchange.v2.resourcepool.BasicResourcePool@4ae8abaa [managed: 3, unused: 2, excluded: 0] (e.g. com.mchange.v2.c3p0.impl.NewPooledConnection@19954bbe)
2020-04-18 15:18:35  [ http-nio-8080-exec-2:18797990 ] - [ DEBUG ]  trace com.mchange.v2.resourcepool.BasicResourcePool@4ae8abaa [managed: 3, unused: 2, excluded: 0] (e.g. com.mchange.v2.c3p0.impl.NewPooledConnection@19954bbe)
2020-04-18 15:18:35  [ http-nio-8080-exec-2:18797993 ] - [ DEBUG ]  com.mchange.v2.async.ThreadPoolAsynchronousRunner@56ea5b7: Adding task to queue -- com.mchange.v2.resourcepool.BasicResourcePool$1RefurbishCheckinResourceTask@427b0fef
2020-04-18 15:18:35  [ http-nio-8080-exec-2:18797993 ] - [ DEBUG ]  trace com.mchange.v2.resourcepool.BasicResourcePool@4ae8abaa [managed: 3, unused: 2, excluded: 0] (e.g. com.mchange.v2.c3p0.impl.NewPooledConnection@19954bbe)
2020-04-18 15:19:35  [ http-nio-8080-exec-5:18857823 ] - [ DEBUG ]  trace com.mchange.v2.resourcepool.BasicResourcePool@4ae8abaa [managed: 3, unused: 2, excluded: 0] (e.g. com.mchange.v2.c3p0.impl.NewPooledConnection@19954bbe)
2020-04-18 15:19:35  [ http-nio-8080-exec-5:18857826 ] - [ DEBUG ]  com.mchange.v2.async.ThreadPoolAsynchronousRunner@56ea5b7: Adding task to queue -- com.mchange.v2.resourcepool.BasicResourcePool$1RefurbishCheckinResourceTask@37706daa
2020-04-18 15:19:35  [ http-nio-8080-exec-5:18857826 ] - [ DEBUG ]  trace com.mchange.v2.resourcepool.BasicResourcePool@4ae8abaa [managed: 3, unused: 2, excluded: 0] (e.g. com.mchange.v2.c3p0.impl.NewPooledConnection@19954bbe)
2020-04-18 15:20:39  [ http-nio-8080-exec-7:18922620 ] - [ DEBUG ]  trace com.mchange.v2.resourcepool.BasicResourcePool@4ae8abaa [managed: 3, unused: 2, excluded: 0] (e.g. com.mchange.v2.c3p0.impl.NewPooledConnection@19954bbe)
2020-04-18 15:20:39  [ http-nio-8080-exec-7:18922623 ] - [ DEBUG ]  com.mchange.v2.async.ThreadPoolAsynchronousRunner@56ea5b7: Adding task to queue -- com.mchange.v2.resourcepool.BasicResourcePool$1RefurbishCheckinResourceTask@5743814c
2020-04-18 15:20:39  [ http-nio-8080-exec-7:18922623 ] - [ DEBUG ]  trace com.mchange.v2.resourcepool.BasicResourcePool@4ae8abaa [managed: 3, unused: 2, excluded: 0] (e.g. com.mchange.v2.c3p0.impl.NewPooledConnection@19954bbe)
2020-04-18 15:20:39  [ http-nio-8080-exec-7:18922623 ] - [ DEBUG ]  trace com.mchange.v2.resourcepool.BasicResourcePool@4ae8abaa [managed: 3, unused: 2, excluded: 0] (e.g. com.mchange.v2.c3p0.impl.NewPooledConnection@19954bbe)
2020-04-18 15:20:39  [ http-nio-8080-exec-7:18922626 ] - [ DEBUG ]  com.mchange.v2.async.ThreadPoolAsynchronousRunner@56ea5b7: Adding task to queue -- com.mchange.v2.resourcepool.BasicResourcePool$1RefurbishCheckinResourceTask@2bd43361
2020-04-18 15:20:39  [ http-nio-8080-exec-7:18922627 ] - [ DEBUG ]  trace com.mchange.v2.resourcepool.BasicResourcePool@4ae8abaa [managed: 3, unused: 2, excluded: 0] (e.g. com.mchange.v2.c3p0.impl.NewPooledConnection@19954bbe)
